running egg_info
creating ../../build/first_package_py/first_package_py.egg-info
writing ../../build/first_package_py/first_package_py.egg-info/PKG-INFO
writing dependency_links to ../../build/first_package_py/first_package_py.egg-info/dependency_links.txt
writing entry points to ../../build/first_package_py/first_package_py.egg-info/entry_points.txt
writing requirements to ../../build/first_package_py/first_package_py.egg-info/requires.txt
writing top-level names to ../../build/first_package_py/first_package_py.egg-info/top_level.txt
writing manifest file '../../build/first_package_py/first_package_py.egg-info/SOURCES.txt'
reading manifest file '../../build/first_package_py/first_package_py.egg-info/SOURCES.txt'
writing manifest file '../../build/first_package_py/first_package_py.egg-info/SOURCES.txt'
running build
running build_py
creating /root/ros2_ws/build/first_package_py/build
creating /root/ros2_ws/build/first_package_py/build/lib
creating /root/ros2_ws/build/first_package_py/build/lib/first_package_py
copying first_package_py/Subscriber.py -> /root/ros2_ws/build/first_package_py/build/lib/first_package_py
copying first_package_py/__init__.py -> /root/ros2_ws/build/first_package_py/build/lib/first_package_py
copying first_package_py/Publisher.py -> /root/ros2_ws/build/first_package_py/build/lib/first_package_py
running install
running install_lib
creating /root/ros2_ws/install/first_package_py/lib/python3.12/site-packages/first_package_py
copying /root/ros2_ws/build/first_package_py/build/lib/first_package_py/Subscriber.py -> /root/ros2_ws/install/first_package_py/lib/python3.12/site-packages/first_package_py
copying /root/ros2_ws/build/first_package_py/build/lib/first_package_py/__init__.py -> /root/ros2_ws/install/first_package_py/lib/python3.12/site-packages/first_package_py
copying /root/ros2_ws/build/first_package_py/build/lib/first_package_py/Publisher.py -> /root/ros2_ws/install/first_package_py/lib/python3.12/site-packages/first_package_py
byte-compiling /root/ros2_ws/install/first_package_py/lib/python3.12/site-packages/first_package_py/Subscriber.py to Subscriber.cpython-312.pyc
byte-compiling /root/ros2_ws/install/first_package_py/lib/python3.12/site-packages/first_package_py/__init__.py to __init__.cpython-312.pyc
byte-compiling /root/ros2_ws/install/first_package_py/lib/python3.12/site-packages/first_package_py/Publisher.py to Publisher.cpython-312.pyc
running install_data
creating /root/ros2_ws/install/first_package_py/share/ament_index
creating /root/ros2_ws/install/first_package_py/share/ament_index/resource_index
creating /root/ros2_ws/install/first_package_py/share/ament_index/resource_index/packages
copying resource/first_package_py -> /root/ros2_ws/install/first_package_py/share/ament_index/resource_index/packages
copying package.xml -> /root/ros2_ws/install/first_package_py/share/first_package_py
running install_egg_info
Copying ../../build/first_package_py/first_package_py.egg-info to /root/ros2_ws/install/first_package_py/lib/python3.12/site-packages/first_package_py-0.0.0-py3.12.egg-info
running install_scripts
Installing Publisher script to /root/ros2_ws/install/first_package_py/lib/first_package_py
Installing Subscriber script to /root/ros2_ws/install/first_package_py/lib/first_package_py
writing list of installed files to '/root/ros2_ws/build/first_package_py/install.log'
