running develop
Removing /root/ros2_ws/install/assignment1_rt/lib/python3.12/site-packages/assignment1-rt.egg-link (link to .)
running egg_info
writing ../../build/assignment1_rt/assignment1_rt.egg-info/PKG-INFO
writing dependency_links to ../../build/assignment1_rt/assignment1_rt.egg-info/dependency_links.txt
writing entry points to ../../build/assignment1_rt/assignment1_rt.egg-info/entry_points.txt
writing requirements to ../../build/assignment1_rt/assignment1_rt.egg-info/requires.txt
writing top-level names to ../../build/assignment1_rt/assignment1_rt.egg-info/top_level.txt
reading manifest file '../../build/assignment1_rt/assignment1_rt.egg-info/SOURCES.txt'
writing manifest file '../../build/assignment1_rt/assignment1_rt.egg-info/SOURCES.txt'
running build
running build_py
creating /root/ros2_ws/build/assignment1_rt/build
creating /root/ros2_ws/build/assignment1_rt/build/lib
creating /root/ros2_ws/build/assignment1_rt/build/lib/assignment1_rt
copying assignment1_rt/__init__.py -> /root/ros2_ws/build/assignment1_rt/build/lib/assignment1_rt
copying assignment1_rt/node2.py -> /root/ros2_ws/build/assignment1_rt/build/lib/assignment1_rt
copying assignment1_rt/turtle_spawn.py -> /root/ros2_ws/build/assignment1_rt/build/lib/assignment1_rt
copying assignment1_rt/node1.py -> /root/ros2_ws/build/assignment1_rt/build/lib/assignment1_rt
running install
running install_lib
creating /root/ros2_ws/install/assignment1_rt/lib/python3.12/site-packages/assignment1_rt
copying /root/ros2_ws/build/assignment1_rt/build/lib/assignment1_rt/__init__.py -> /root/ros2_ws/install/assignment1_rt/lib/python3.12/site-packages/assignment1_rt
copying /root/ros2_ws/build/assignment1_rt/build/lib/assignment1_rt/node2.py -> /root/ros2_ws/install/assignment1_rt/lib/python3.12/site-packages/assignment1_rt
copying /root/ros2_ws/build/assignment1_rt/build/lib/assignment1_rt/turtle_spawn.py -> /root/ros2_ws/install/assignment1_rt/lib/python3.12/site-packages/assignment1_rt
copying /root/ros2_ws/build/assignment1_rt/build/lib/assignment1_rt/node1.py -> /root/ros2_ws/install/assignment1_rt/lib/python3.12/site-packages/assignment1_rt
byte-compiling /root/ros2_ws/install/assignment1_rt/lib/python3.12/site-packages/assignment1_rt/__init__.py to __init__.cpython-312.pyc
byte-compiling /root/ros2_ws/install/assignment1_rt/lib/python3.12/site-packages/assignment1_rt/node2.py to node2.cpython-312.pyc
byte-compiling /root/ros2_ws/install/assignment1_rt/lib/python3.12/site-packages/assignment1_rt/turtle_spawn.py to turtle_spawn.cpython-312.pyc
byte-compiling /root/ros2_ws/install/assignment1_rt/lib/python3.12/site-packages/assignment1_rt/node1.py to node1.cpython-312.pyc
running install_data
copying resource/assignment1_rt -> /root/ros2_ws/install/assignment1_rt/share/ament_index/resource_index/packages
copying package.xml -> /root/ros2_ws/install/assignment1_rt/share/assignment1_rt
running install_egg_info
Copying ../../build/assignment1_rt/assignment1_rt.egg-info to /root/ros2_ws/install/assignment1_rt/lib/python3.12/site-packages/assignment1_rt-0.0.0-py3.12.egg-info
running install_scripts
Installing node1 script to /root/ros2_ws/install/assignment1_rt/lib/assignment1_rt
Installing node2 script to /root/ros2_ws/install/assignment1_rt/lib/assignment1_rt
Installing turtle_spawn script to /root/ros2_ws/install/assignment1_rt/lib/assignment1_rt
writing list of installed files to '/root/ros2_ws/build/assignment1_rt/install.log'
