[0.995s] Invoking command in '/root/ros2_ws/src/first_package_py': PYTHONPATH=/root/ros2_ws/build/first_package_py/prefix_override:/usr/lib/python3/dist-packages/colcon_core/task/python/colcon_distutils_commands:/root/ros2_ws/install/first_package_py/lib/python3.12/site-packages:${PYTHONPATH} /usr/bin/python3 -W ignore:setup.py install is deprecated -W ignore:easy_install command is deprecated setup.py egg_info --egg-base ../../build/first_package_py build --build-base /root/ros2_ws/build/first_package_py/build install --record /root/ros2_ws/build/first_package_py/install.log --single-version-externally-managed install_data
[1.209s] running egg_info
[1.225s] writing ../../build/first_package_py/first_package_py.egg-info/PKG-INFO
[1.226s] writing dependency_links to ../../build/first_package_py/first_package_py.egg-info/dependency_links.txt
[1.226s] writing entry points to ../../build/first_package_py/first_package_py.egg-info/entry_points.txt
[1.226s] writing requirements to ../../build/first_package_py/first_package_py.egg-info/requires.txt
[1.226s] writing top-level names to ../../build/first_package_py/first_package_py.egg-info/top_level.txt
[1.254s] reading manifest file '../../build/first_package_py/first_package_py.egg-info/SOURCES.txt'
[1.255s] writing manifest file '../../build/first_package_py/first_package_py.egg-info/SOURCES.txt'
[1.255s] running build
[1.255s] running build_py
[1.255s] running install
[1.261s] running install_lib
[1.273s] running install_data
[1.274s] running install_egg_info
[1.291s] removing '/root/ros2_ws/install/first_package_py/lib/python3.12/site-packages/first_package_py-0.0.0-py3.12.egg-info' (and everything under it)
[1.291s] Copying ../../build/first_package_py/first_package_py.egg-info to /root/ros2_ws/install/first_package_py/lib/python3.12/site-packages/first_package_py-0.0.0-py3.12.egg-info
[1.292s] running install_scripts
[1.394s] Installing Publisher script to /root/ros2_ws/install/first_package_py/lib/first_package_py
[1.395s] Installing Subscriber script to /root/ros2_ws/install/first_package_py/lib/first_package_py
[1.395s] writing list of installed files to '/root/ros2_ws/build/first_package_py/install.log'
[1.448s] Invoked command in '/root/ros2_ws/src/first_package_py' returned '0': PYTHONPATH=/root/ros2_ws/build/first_package_py/prefix_override:/usr/lib/python3/dist-packages/colcon_core/task/python/colcon_distutils_commands:/root/ros2_ws/install/first_package_py/lib/python3.12/site-packages:${PYTHONPATH} /usr/bin/python3 -W ignore:setup.py install is deprecated -W ignore:easy_install command is deprecated setup.py egg_info --egg-base ../../build/first_package_py build --build-base /root/ros2_ws/build/first_package_py/build install --record /root/ros2_ws/build/first_package_py/install.log --single-version-externally-managed install_data
