[0.970s] Invoking command in '/root/ros2_ws/src/assignment1_rt': PYTHONPATH=/root/ros2_ws/build/assignment1_rt/prefix_override:/usr/lib/python3/dist-packages/colcon_core/task/python/colcon_distutils_commands:/root/ros2_ws/install/assignment1_rt/lib/python3.12/site-packages:${PYTHONPATH} /usr/bin/python3 -W ignore:setup.py install is deprecated -W ignore:easy_install command is deprecated setup.py egg_info --egg-base ../../build/assignment1_rt build --build-base /root/ros2_ws/build/assignment1_rt/build install --record /root/ros2_ws/build/assignment1_rt/install.log --single-version-externally-managed install_data
[1.180s] running egg_info
[1.196s] writing ../../build/assignment1_rt/assignment1_rt.egg-info/PKG-INFO
[1.196s] writing dependency_links to ../../build/assignment1_rt/assignment1_rt.egg-info/dependency_links.txt
[1.196s] writing entry points to ../../build/assignment1_rt/assignment1_rt.egg-info/entry_points.txt
[1.197s] writing requirements to ../../build/assignment1_rt/assignment1_rt.egg-info/requires.txt
[1.197s] writing top-level names to ../../build/assignment1_rt/assignment1_rt.egg-info/top_level.txt
[1.225s] reading manifest file '../../build/assignment1_rt/assignment1_rt.egg-info/SOURCES.txt'
[1.225s] writing manifest file '../../build/assignment1_rt/assignment1_rt.egg-info/SOURCES.txt'
[1.225s] running build
[1.225s] running build_py
[1.226s] copying assignment1_rt/node2.py -> /root/ros2_ws/build/assignment1_rt/build/lib/assignment1_rt
[1.226s] copying assignment1_rt/node1.py -> /root/ros2_ws/build/assignment1_rt/build/lib/assignment1_rt
[1.227s] running install
[1.236s] running install_lib
[1.246s] copying /root/ros2_ws/build/assignment1_rt/build/lib/assignment1_rt/node2.py -> /root/ros2_ws/install/assignment1_rt/lib/python3.12/site-packages/assignment1_rt
[1.246s] copying /root/ros2_ws/build/assignment1_rt/build/lib/assignment1_rt/node1.py -> /root/ros2_ws/install/assignment1_rt/lib/python3.12/site-packages/assignment1_rt
[1.247s] byte-compiling /root/ros2_ws/install/assignment1_rt/lib/python3.12/site-packages/assignment1_rt/node2.py to node2.cpython-312.pyc
[1.248s] byte-compiling /root/ros2_ws/install/assignment1_rt/lib/python3.12/site-packages/assignment1_rt/node1.py to node1.cpython-312.pyc
[1.249s] running install_data
[1.249s] running install_egg_info
[1.262s] removing '/root/ros2_ws/install/assignment1_rt/lib/python3.12/site-packages/assignment1_rt-0.0.0-py3.12.egg-info' (and everything under it)
[1.262s] Copying ../../build/assignment1_rt/assignment1_rt.egg-info to /root/ros2_ws/install/assignment1_rt/lib/python3.12/site-packages/assignment1_rt-0.0.0-py3.12.egg-info
[1.264s] running install_scripts
[1.356s] Installing node1 script to /root/ros2_ws/install/assignment1_rt/lib/assignment1_rt
[1.356s] Installing node2 script to /root/ros2_ws/install/assignment1_rt/lib/assignment1_rt
[1.356s] Installing turtle_spawn script to /root/ros2_ws/install/assignment1_rt/lib/assignment1_rt
[1.356s] writing list of installed files to '/root/ros2_ws/build/assignment1_rt/install.log'
[1.389s] Invoked command in '/root/ros2_ws/src/assignment1_rt' returned '0': PYTHONPATH=/root/ros2_ws/build/assignment1_rt/prefix_override:/usr/lib/python3/dist-packages/colcon_core/task/python/colcon_distutils_commands:/root/ros2_ws/install/assignment1_rt/lib/python3.12/site-packages:${PYTHONPATH} /usr/bin/python3 -W ignore:setup.py install is deprecated -W ignore:easy_install command is deprecated setup.py egg_info --egg-base ../../build/assignment1_rt build --build-base /root/ros2_ws/build/assignment1_rt/build install --record /root/ros2_ws/build/assignment1_rt/install.log --single-version-externally-managed install_data
