[1.009s] Invoking command in '/root/ros2_ws/src/assignment1_rt': PYTHONPATH=/root/ros2_ws/build/assignment1_rt/prefix_override:/usr/lib/python3/dist-packages/colcon_core/task/python/colcon_distutils_commands:/root/ros2_ws/install/assignment1_rt/lib/python3.12/site-packages:${PYTHONPATH} /usr/bin/python3 -W ignore:setup.py install is deprecated -W ignore:easy_install command is deprecated setup.py egg_info --egg-base ../../build/assignment1_rt build --build-base /root/ros2_ws/build/assignment1_rt/build install --record /root/ros2_ws/build/assignment1_rt/install.log --single-version-externally-managed install_data
[1.224s] running egg_info
[1.241s] writing ../../build/assignment1_rt/assignment1_rt.egg-info/PKG-INFO
[1.241s] writing dependency_links to ../../build/assignment1_rt/assignment1_rt.egg-info/dependency_links.txt
[1.242s] writing entry points to ../../build/assignment1_rt/assignment1_rt.egg-info/entry_points.txt
[1.242s] writing requirements to ../../build/assignment1_rt/assignment1_rt.egg-info/requires.txt
[1.242s] writing top-level names to ../../build/assignment1_rt/assignment1_rt.egg-info/top_level.txt
[1.264s] reading manifest file '../../build/assignment1_rt/assignment1_rt.egg-info/SOURCES.txt'
[1.265s] writing manifest file '../../build/assignment1_rt/assignment1_rt.egg-info/SOURCES.txt'
[1.265s] running build
[1.265s] running build_py
[1.266s] running install
[1.272s] running install_lib
[1.283s] running install_data
[1.283s] running install_egg_info
[1.300s] removing '/root/ros2_ws/install/assignment1_rt/lib/python3.12/site-packages/assignment1_rt-0.0.0-py3.12.egg-info' (and everything under it)
[1.301s] Copying ../../build/assignment1_rt/assignment1_rt.egg-info to /root/ros2_ws/install/assignment1_rt/lib/python3.12/site-packages/assignment1_rt-0.0.0-py3.12.egg-info
[1.302s] running install_scripts
[1.398s] Installing node1 script to /root/ros2_ws/install/assignment1_rt/lib/assignment1_rt
[1.399s] Installing node2 script to /root/ros2_ws/install/assignment1_rt/lib/assignment1_rt
[1.399s] Installing turtle_spawn script to /root/ros2_ws/install/assignment1_rt/lib/assignment1_rt
[1.399s] writing list of installed files to '/root/ros2_ws/build/assignment1_rt/install.log'
[1.437s] Invoked command in '/root/ros2_ws/src/assignment1_rt' returned '0': PYTHONPATH=/root/ros2_ws/build/assignment1_rt/prefix_override:/usr/lib/python3/dist-packages/colcon_core/task/python/colcon_distutils_commands:/root/ros2_ws/install/assignment1_rt/lib/python3.12/site-packages:${PYTHONPATH} /usr/bin/python3 -W ignore:setup.py install is deprecated -W ignore:easy_install command is deprecated setup.py egg_info --egg-base ../../build/assignment1_rt build --build-base /root/ros2_ws/build/assignment1_rt/build install --record /root/ros2_ws/build/assignment1_rt/install.log --single-version-externally-managed install_data
