running develop
running egg_info
creating assignment1_rt.egg-info
writing assignment1_rt.egg-info/PKG-INFO
writing dependency_links to assignment1_rt.egg-info/dependency_links.txt
writing entry points to assignment1_rt.egg-info/entry_points.txt
writing requirements to assignment1_rt.egg-info/requires.txt
writing top-level names to assignment1_rt.egg-info/top_level.txt
writing manifest file 'assignment1_rt.egg-info/SOURCES.txt'
reading manifest file 'assignment1_rt.egg-info/SOURCES.txt'
writing manifest file 'assignment1_rt.egg-info/SOURCES.txt'
running build_ext
Creating /root/ros2_ws/install/assignment1_rt/lib/python3.12/site-packages/assignment1-rt.egg-link (link to .)
Installing node1 script to /root/ros2_ws/install/assignment1_rt/lib/assignment1_rt
Installing node2 script to /root/ros2_ws/install/assignment1_rt/lib/assignment1_rt
Installing turtle_spawn script to /root/ros2_ws/install/assignment1_rt/lib/assignment1_rt

Installed /root/ros2_ws/build/assignment1_rt
running symlink_data
creating /root/ros2_ws/install/assignment1_rt/share/ament_index
creating /root/ros2_ws/install/assignment1_rt/share/ament_index/resource_index
creating /root/ros2_ws/install/assignment1_rt/share/ament_index/resource_index/packages
symbolically linking /root/ros2_ws/build/assignment1_rt/resource/assignment1_rt -> /root/ros2_ws/install/assignment1_rt/share/ament_index/resource_index/packages
symbolically linking /root/ros2_ws/build/assignment1_rt/package.xml -> /root/ros2_ws/install/assignment1_rt/share/assignment1_rt
