/root/ros2_ws/install/assignment1_rt/lib/python3.12/site-packages/assignment1_rt/__init__.py
/root/ros2_ws/install/assignment1_rt/lib/python3.12/site-packages/assignment1_rt/node2.py
/root/ros2_ws/install/assignment1_rt/lib/python3.12/site-packages/assignment1_rt/turtle_spawn.py
/root/ros2_ws/install/assignment1_rt/lib/python3.12/site-packages/assignment1_rt/node1.py
/root/ros2_ws/install/assignment1_rt/lib/python3.12/site-packages/assignment1_rt/__pycache__/__init__.cpython-312.pyc
/root/ros2_ws/install/assignment1_rt/lib/python3.12/site-packages/assignment1_rt/__pycache__/node2.cpython-312.pyc
/root/ros2_ws/install/assignment1_rt/lib/python3.12/site-packages/assignment1_rt/__pycache__/turtle_spawn.cpython-312.pyc
/root/ros2_ws/install/assignment1_rt/lib/python3.12/site-packages/assignment1_rt/__pycache__/node1.cpython-312.pyc
/root/ros2_ws/install/assignment1_rt/share/ament_index/resource_index/packages/assignment1_rt
/root/ros2_ws/install/assignment1_rt/share/assignment1_rt/package.xml
/root/ros2_ws/install/assignment1_rt/lib/python3.12/site-packages/assignment1_rt-0.0.0-py3.12.egg-info/requires.txt
/root/ros2_ws/install/assignment1_rt/lib/python3.12/site-packages/assignment1_rt-0.0.0-py3.12.egg-info/dependency_links.txt
/root/ros2_ws/install/assignment1_rt/lib/python3.12/site-packages/assignment1_rt-0.0.0-py3.12.egg-info/entry_points.txt
/root/ros2_ws/install/assignment1_rt/lib/python3.12/site-packages/assignment1_rt-0.0.0-py3.12.egg-info/PKG-INFO
/root/ros2_ws/install/assignment1_rt/lib/python3.12/site-packages/assignment1_rt-0.0.0-py3.12.egg-info/SOURCES.txt
/root/ros2_ws/install/assignment1_rt/lib/python3.12/site-packages/assignment1_rt-0.0.0-py3.12.egg-info/top_level.txt
/root/ros2_ws/install/assignment1_rt/lib/python3.12/site-packages/assignment1_rt-0.0.0-py3.12.egg-info/zip-safe
/root/ros2_ws/install/assignment1_rt/lib/assignment1_rt/node1
/root/ros2_ws/install/assignment1_rt/lib/assignment1_rt/node2
/root/ros2_ws/install/assignment1_rt/lib/assignment1_rt/turtle_spawn
